<?xml version="1.0" encoding="UTF-8"?>
<!-- Generated by org.testng.reporters.JUnitReportReporter -->
<testsuite hostname="LAPTOP-39EM43P6" failures="1" tests="2" name="testRunners.ParallelRunner" time="44.022" errors="1" timestamp="2025-02-15T14:08:44 IST" skipped="0">
  <testcase classname="testRunners.ParallelRunner" name="runScenario" time="10.702">
    <error message="Cannot invoke &quot;pageobjects.RegistrationPage.setFirstName(String)&quot; because &quot;this.registrationPage&quot; is null" type="java.lang.NullPointerException">
      <![CDATA[java.lang.NullPointerException: Cannot invoke "pageobjects.RegistrationPage.setFirstName(String)" because "this.registrationPage" is null
at stepDefinitions.RegistrationSteps.fillInRegistrationDetails(RegistrationSteps.java:29)
at ✽.I fill in the registration details(file:///C:/Users/Sachin%20Zagade/Downloads/Opencart_V122_Cucumber-master/src/test/resources/features/Registration.feature:7)
]]>
    </error>
  </testcase> <!-- runScenario -->
  <testcase classname="testRunners.ParallelRunner" name="runScenario" time="33.320">
    <failure message="Login failed: My Account page not displayed" type="java.lang.AssertionError">
      <![CDATA[java.lang.AssertionError: Login failed: My Account page not displayed
at org.junit.Assert.fail(Assert.java:89)
at org.junit.Assert.assertTrue(Assert.java:42)
at stepDefinitions.LoginSteps.verifyMyAccountPage(LoginSteps.java:44)
at ✽.I should be redirected to the My Account page(file:///C:/Users/Sachin%20Zagade/Downloads/Opencart_V122_Cucumber-master/src/test/resources/features/Login.feature:9)
]]>
    </failure>
  </testcase> <!-- runScenario -->
</testsuite> <!-- testRunners.ParallelRunner -->
